<?xml version="1.0" encoding="UTF-8"?>
<!-- Generated by org.testng.reporters.JUnitReportReporter -->
<testsuite hostname="LTIN185395" failures="0" tests="1" name="testNG.Exe" time="0.010" errors="0" timestamp="2023-02-27T19:05:18 IST" skipped="0">
  <testcase classname="testNG.Exe" name="username" time="0.010"/>
  <system-out/>
</testsuite> <!-- testNG.Exe -->
