<?xml version="1.0" encoding="UTF-8"?>
<!-- Generated by org.testng.reporters.JUnitReportReporter -->
<testsuite hostname="LTIN185395" failures="0" tests="1" name="testNG.Listenone" time="0.008" errors="0" timestamp="2023-02-27T19:36:26 IST" skipped="0">
  <testcase classname="testNG.Listenone" name="username" time="0.008"/>
  <system-out/>
</testsuite> <!-- testNG.Listenone -->
