<?xml version="1.0" encoding="UTF-8"?>
<!-- Generated by org.testng.reporters.JUnitReportReporter -->
<testsuite hostname="LTIN185395" failures="0" tests="2" name="testNG.Parameter" time="14.286" errors="0" timestamp="2021-12-17T10:51:40 IST" skipped="0">
  <testcase classname="testNG.Parameter" name="openBing" time="6.319"/>
  <system-out/>
  <testcase classname="testNG.Parameter" name="openGoogle" time="7.967"/>
  <system-out/>
</testsuite> <!-- testNG.Parameter -->
