<?xml version="1.0" encoding="UTF-8"?>
<!-- Generated by org.testng.reporters.JUnitReportReporter -->
<testsuite hostname="LTIN185395" failures="0" tests="4" name="testNG.PrioritizeTestcase" time="0.021" errors="0" timestamp="2021-12-16T12:32:07 IST" skipped="0">
  <testcase classname="testNG.PrioritizeTestcase" name="AReportC" time="0.016"/>
  <system-out/>
  <testcase classname="testNG.PrioritizeTestcase" name="CReportA" time="0.002"/>
  <system-out/>
  <testcase classname="testNG.PrioritizeTestcase" name="CReporta" time="0.001"/>
  <system-out/>
  <testcase classname="testNG.PrioritizeTestcase" name="DReport" time="0.002"/>
  <system-out/>
</testsuite> <!-- testNG.PrioritizeTestcase -->
