<?xml version="1.0" encoding="UTF-8"?>
<!-- Generated by org.testng.reporters.JUnitReportReporter -->
<testsuite hostname="LTIN185395" failures="0" tests="1" name="seleniumBasics.Takescreenshits" time="42.528" errors="0" timestamp="2023-02-28T18:34:54 IST" skipped="0">
  <testcase classname="seleniumBasics.Takescreenshits" name="Validation" time="42.528"/>
  <system-out/>
</testsuite> <!-- seleniumBasics.Takescreenshits -->
