<?xml version="1.0" encoding="UTF-8"?>
<!-- Generated by org.testng.reporters.JUnitReportReporter -->
<testsuite hostname="LTIN185395" failures="0" tests="1" name="testNG.ParalellTesting" time="0.013" errors="0" timestamp="2021-12-17T17:17:32 IST" skipped="0">
  <testcase classname="testNG.ParalellTesting" name="Printname" time="0.013"/>
  <system-out/>
</testsuite> <!-- testNG.ParalellTesting -->
