<?xml version="1.0" encoding="UTF-8"?>
<!-- Generated by org.testng.reporters.JUnitReportReporter -->
<testsuite hostname="LTIN185395" failures="0" tests="1" name="testNG.NewTest" time="0.005" errors="0" timestamp="2021-12-17T10:30:33 IST" skipped="0">
  <testcase classname="testNG.NewTest" name="test" time="0.005"/>
  <system-out/>
</testsuite> <!-- testNG.NewTest -->
