<?xml version="1.0" encoding="UTF-8"?>
<!-- Generated by org.testng.reporters.JUnitReportReporter -->
<testsuite hostname="LTIN185395" failures="0" tests="4" name="testNG.SampleTestCase" time="0.010" errors="0" timestamp="2021-12-16T13:03:43 IST" skipped="0">
  <testcase classname="testNG.SampleTestCase" name="ReportD" time="0.002"/>
  <system-out/>
  <testcase classname="testNG.SampleTestCase" name="ReportC" time="0.002"/>
  <system-out/>
  <testcase classname="testNG.SampleTestCase" name="ReportA" time="0.002"/>
  <system-out/>
  <testcase classname="testNG.SampleTestCase" name="ReportB" time="0.004"/>
  <system-out/>
</testsuite> <!-- testNG.SampleTestCase -->
