<?xml version="1.0" encoding="UTF-8"?>
<!-- Generated by org.testng.reporters.JUnitReportReporter -->
<testsuite hostname="LTIN185395" failures="0" tests="1" name="PageObjectModel.PageFactorywithoutFindBy" time="16.185" errors="0" timestamp="2021-08-20T08:21:52 IST" skipped="0">
  <testcase classname="PageObjectModel.PageFactorywithoutFindBy" name="Login" time="16.185"/>
  <system-out/>
</testsuite> <!-- PageObjectModel.PageFactorywithoutFindBy -->
