<?xml version="1.0" encoding="UTF-8"?>
<!-- Generated by org.testng.reporters.JUnitReportReporter -->
<testsuite hostname="LTIN185395" failures="0" tests="3" name="testNG.GroupinginTestNG" time="0.012" errors="0" timestamp="2021-08-16T12:46:45 IST" skipped="0">
  <testcase classname="testNG.GroupinginTestNG" name="Oppo" time="0.010"/>
  <system-out/>
  <testcase classname="testNG.GroupinginTestNG" name="Realme" time="0.001"/>
  <system-out/>
  <testcase classname="testNG.GroupinginTestNG" name="Samsung" time="0.001"/>
  <system-out/>
</testsuite> <!-- testNG.GroupinginTestNG -->
