<?xml version="1.0" encoding="UTF-8"?>
<!-- Generated by org.testng.reporters.JUnitReportReporter -->
<testsuite hostname="LTIN185395" failures="0" tests="4" name="testNG.DependsonMethods" time="0.016" errors="0" timestamp="2021-12-16T13:37:32 IST" skipped="0">
  <testcase classname="testNG.DependsonMethods" name="CReportA" time="0.002"/>
  <system-out/>
  <testcase classname="testNG.DependsonMethods" name="BReportB" time="0.011"/>
  <system-out/>
  <testcase classname="testNG.DependsonMethods" name="AReportC" time="0.002"/>
  <system-out/>
  <testcase classname="testNG.DependsonMethods" name="DReport" time="0.001"/>
  <system-out/>
</testsuite> <!-- testNG.DependsonMethods -->
