<?xml version="1.0" encoding="UTF-8"?>
<!-- Generated by org.testng.reporters.JUnitReportReporter -->
<testsuite hostname="LTIN185395" failures="0" tests="3" name="testNG.Complex" time="5.665" errors="0" timestamp="2021-12-17T10:38:04 IST" skipped="0">
  <testcase classname="testNG.Complex" name="openGoogle" time="1.688"/>
  <system-out/>
  <testcase classname="testNG.Complex" name="openBingee" time="0.955"/>
  <system-out/>
  <testcase classname="testNG.Complex" name="openYahoo" time="3.022"/>
  <system-out/>
</testsuite> <!-- testNG.Complex -->
