<?xml version="1.0" encoding="UTF-8"?>
<!-- Generated by org.testng.reporters.JUnitReportReporter -->
<testsuite hostname="LTIN185395" failures="0" tests="4" name="testNG.Grouping" time="0.025" errors="0" timestamp="2021-12-17T18:00:17 IST" skipped="0">
  <testcase classname="testNG.Grouping" name="BrokerLogin" time="0.016"/>
  <system-out/>
  <testcase classname="testNG.Grouping" name="EndUserLogin" time="0.002"/>
  <system-out/>
  <testcase classname="testNG.Grouping" name="MemberLogin" time="0.004"/>
  <system-out/>
  <testcase classname="testNG.Grouping" name="agentLogin" time="0.003"/>
  <system-out/>
</testsuite> <!-- testNG.Grouping -->
