<?xml version="1.0" encoding="UTF-8"?>
<!-- Generated by org.testng.reporters.JUnitReportReporter -->
<testsuite hostname="LTIN185395" failures="0" tests="4" name="testNG.SkipTestCase" time="0.010" errors="0" timestamp="2023-02-27T17:54:31 IST" skipped="0">
  <testcase classname="testNG.SkipTestCase" name="CReportA" time="0.001"/>
  <system-out/>
  <testcase classname="testNG.SkipTestCase" name="AReportC" time="0.008"/>
  <system-out/>
  <testcase classname="testNG.SkipTestCase" name="BReportB" time="0.000"/>
  <system-out/>
  <testcase classname="testNG.SkipTestCase" name="DReport" time="0.001"/>
  <system-out/>
</testsuite> <!-- testNG.SkipTestCase -->
